La génération a démarré 25/01/2016 09:13:04.
     1>Projet "C:\Users\zhanqi15\Documents\GitHub\projet\partageable\Composant2\Composant2.vcxproj" sur le nœud 2 (build cible(s)).
     1>InitializeBuildStatus:
         Mise à jour de l'horodatage "Debug\Composant2.unsuccessfulbuild".
       ClCompile:
         Toutes les sorties sont à jour.
       ResourceCompile:
         C:\Program Files (x86)\Microsoft SDKs\Windows\v7.0A\bin\rc.exe /D _DEBUG /D _UNICODE /D UNICODE /D _AFXDLL /l"0x0409" /IDebug\ /nologo /fo"Debug\Composant2.res" Composant2.rc 
       ManifestResourceCompile:
         C:\Program Files (x86)\Microsoft SDKs\Windows\v7.0A\bin\rc.exe /nologo /fo"Debug\Composant2.dll.embed.manifest.res" Debug\Composant2_manifest.rc 
       Link:
         c:\Program Files (x86)\Microsoft Visual Studio 10.0\VC\bin\link.exe /ERRORREPORT:PROMPT /OUT:"C:\Users\zhanqi15\Documents\GitHub\projet\partageable\Debug\Composant2.dll" /INCREMENTAL /NOLOGO /DEF:".\Composant2.def" /MANIFEST /ManifestFile:"Debug\Composant2.dll.intermediate.manifest" /MANIFESTUAC:"level='asInvoker' uiAccess='false'" /DEBUG /PDB:"C:\Users\zhanqi15\Documents\GitHub\projet\partageable\Debug\Composant2.pdb" /SUBSYSTEM:WINDOWS /TLBID:1 /DYNAMICBASE /NXCOMPAT /IMPLIB:"C:\Users\zhanqi15\Documents\GitHub\projet\partageable\Debug\Composant2.lib" /MACHINE:X86 /DLL Debug\Composant2.res
         Debug\Composant2.dll.embed.manifest.res
         Debug\Composant2.obj
            Création de la bibliothèque C:\Users\zhanqi15\Documents\GitHub\projet\partageable\Debug\Composant2.lib et de l'objet C:\Users\zhanqi15\Documents\GitHub\projet\partageable\Debug\Composant2.exp
       Manifest:
         C:\Program Files (x86)\Microsoft SDKs\Windows\v7.0A\bin\mt.exe /nologo /verbose /out:"Debug\Composant2.dll.embed.manifest" /manifest Debug\Composant2.dll.intermediate.manifest "c:\Program Files (x86)\Microsoft Visual Studio 10.0\VC\Include\Manifest\dpiaware.manifest"
         C:\Program Files (x86)\Microsoft SDKs\Windows\v7.0A\bin\rc.exe /nologo /fo"Debug\Composant2.dll.embed.manifest.res" Debug\Composant2_manifest.rc 
       LinkEmbedManifest:
         c:\Program Files (x86)\Microsoft Visual Studio 10.0\VC\bin\link.exe /ERRORREPORT:PROMPT /OUT:"C:\Users\zhanqi15\Documents\GitHub\projet\partageable\Debug\Composant2.dll" /INCREMENTAL /NOLOGO /DEF:".\Composant2.def" /MANIFEST /ManifestFile:"Debug\Composant2.dll.intermediate.manifest" /MANIFESTUAC:"level='asInvoker' uiAccess='false'" /DEBUG /PDB:"C:\Users\zhanqi15\Documents\GitHub\projet\partageable\Debug\Composant2.pdb" /SUBSYSTEM:WINDOWS /TLBID:1 /DYNAMICBASE /NXCOMPAT /IMPLIB:"C:\Users\zhanqi15\Documents\GitHub\projet\partageable\Debug\Composant2.lib" /MACHINE:X86 /DLL Debug\Composant2.res
         Debug\Composant2.dll.embed.manifest.res
         Debug\Composant2.obj
            Création de la bibliothèque C:\Users\zhanqi15\Documents\GitHub\projet\partageable\Debug\Composant2.lib et de l'objet C:\Users\zhanqi15\Documents\GitHub\projet\partageable\Debug\Composant2.exp
         Composant2.vcxproj -> C:\Users\zhanqi15\Documents\GitHub\projet\partageable\Debug\Composant2.dll
       FinalizeBuildStatus:
         Suppression du fichier "Debug\Composant2.unsuccessfulbuild".
         Mise à jour de l'horodatage "Debug\Composant2.lastbuildstate".
     1>Génération du projet "C:\Users\zhanqi15\Documents\GitHub\projet\partageable\Composant2\Composant2.vcxproj" terminée (build cible(s)).

La génération a réussi.

Temps écoulé 00:00:00.82
