La génération a démarré 25/01/2016 09:06:44.
     1>Projet "C:\Users\zhanqi15\Documents\GitHub\projet\partageable\Composant3\Composant3.vcxproj" sur le nœud 2 (build cible(s)).
     1>PrepareForBuild:
         Création du répertoire "C:\Users\zhanqi15\Documents\GitHub\projet\partageable\Debug\".
       InitializeBuildStatus:
         Création de "Debug\Composant3.unsuccessfulbuild", car "AlwaysCreate" a été spécifié.
       ClCompile:
         Toutes les sorties sont à jour.
       ResourceCompile:
         Toutes les sorties sont à jour.
       Link:
         c:\Program Files (x86)\Microsoft Visual Studio 10.0\VC\bin\link.exe /ERRORREPORT:PROMPT /OUT:"C:\Users\zhanqi15\Documents\GitHub\projet\partageable\Debug\Composant3.dll" /NOLOGO /MANIFEST /ManifestFile:"Debug\Composant3.dll.intermediate.manifest" /MANIFESTUAC:"level='asInvoker' uiAccess='false'" /DEBUG /PDB:"C:\Users\zhanqi15\Documents\GitHub\projet\partageable\Debug\Composant3.pdb" /TLBID:1 /DYNAMICBASE /NXCOMPAT /IMPLIB:"C:\Users\zhanqi15\Documents\GitHub\projet\partageable\Debug\Composant3.lib" /MACHINE:X86 /DLL Debug\Composant3.res
         Debug\Composant3.obj
            Création de la bibliothèque C:\Users\zhanqi15\Documents\GitHub\projet\partageable\Debug\Composant3.lib et de l'objet C:\Users\zhanqi15\Documents\GitHub\projet\partageable\Debug\Composant3.exp
         Composant3.vcxproj -> C:\Users\zhanqi15\Documents\GitHub\projet\partageable\Debug\Composant3.dll
       Manifest:
         C:\Program Files (x86)\Microsoft SDKs\Windows\v7.0A\bin\mt.exe /nologo /verbose /outputresource:"C:\Users\zhanqi15\Documents\GitHub\projet\partageable\Debug\Composant3.dll;#2" /manifest Debug\Composant3.dll.intermediate.manifest "c:\Program Files (x86)\Microsoft Visual Studio 10.0\VC\Include\Manifest\dpiaware.manifest"
       FinalizeBuildStatus:
         Suppression du fichier "Debug\Composant3.unsuccessfulbuild".
         Mise à jour de l'horodatage "Debug\Composant3.lastbuildstate".
     1>Génération du projet "C:\Users\zhanqi15\Documents\GitHub\projet\partageable\Composant3\Composant3.vcxproj" terminée (build cible(s)).

La génération a réussi.

Temps écoulé 00:00:03.94
